\BOOKMARK [1][-]{section.1}{\376\377\000I\000n\000t\000r\000o\000d\000u\000c\000t\000i\000o\000n}{}% 1
\BOOKMARK [1][-]{section.2}{\376\377\000R\000e\000l\000a\000t\000e\000d\000\040\000W\000o\000r\000k\000s}{}% 2
\BOOKMARK [1][-]{section.3}{\376\377\000M\000o\000d\000e\000l\000\040\000a\000n\000d\000\040\000M\000e\000t\000h\000o\000d\000o\000l\000o\000g\000y}{}% 3
\BOOKMARK [2][-]{subsection.3.1}{\376\377\000W\000o\000r\000k\000f\000l\000o\000w\000\040\000U\000n\000d\000e\000r\000\040\000t\000w\000o\000\040\000S\000c\000e\000n\000a\000r\000i\000o\000s}{section.3}% 4
\BOOKMARK [2][-]{subsection.3.2}{\376\377\000T\000w\000o\000-\000l\000a\000y\000e\000r\000\040\000C\000o\000m\000b\000i\000n\000e\000d\000\040\000T\000r\000a\000i\000n\000i\000n\000g\000\040\000P\000a\000r\000a\000d\000i\000g\000m}{section.3}% 5
\BOOKMARK [2][-]{subsection.3.3}{\376\377\000C\000o\000a\000r\000s\000e\000\040\000S\000c\000r\000e\000e\000n\000\040\000L\000a\000y\000e\000r}{section.3}% 6
\BOOKMARK [2][-]{subsection.3.4}{\376\377\000S\000u\000b\000d\000i\000v\000i\000s\000i\000o\000n\000\040\000L\000a\000y\000e\000r}{section.3}% 7
\BOOKMARK [1][-]{section.4}{\376\377\000E\000x\000p\000e\000r\000i\000m\000e\000n\000t\000s}{}% 8
\BOOKMARK [2][-]{subsection.4.1}{\376\377\000E\000x\000p\000e\000r\000i\000m\000e\000n\000t\000a\000l\000\040\000S\000e\000t\000u\000p}{section.4}% 9
\BOOKMARK [2][-]{subsection.4.2}{\376\377\000R\000e\000s\000u\000l\000t\000s\000\040\000a\000n\000d\000\040\000A\000n\000a\000l\000y\000s\000i\000s}{section.4}% 10
\BOOKMARK [2][-]{subsection.4.3}{\376\377\000A\000b\000l\000a\000t\000i\000o\000n\000\040\000S\000t\000u\000d\000i\000e\000s}{section.4}% 11
\BOOKMARK [1][-]{section.5}{\376\377\000C\000o\000n\000c\000l\000u\000s\000i\000o\000n}{}% 12
\BOOKMARK [1][-]{appendix.A}{\376\377\000B\000r\000o\000a\000d\000e\000r\000\040\000I\000m\000p\000a\000c\000t\000s}{}% 13
\BOOKMARK [1][-]{appendix.B}{\376\377\000L\000i\000m\000i\000t\000a\000t\000i\000o\000n\000s\000\040\000a\000n\000d\000\040\000F\000u\000t\000u\000r\000e\000\040\000W\000o\000r\000k}{}% 14
\BOOKMARK [1][-]{appendix.C}{\376\377\000D\000e\000t\000a\000i\000l\000e\000d\000\040\000H\000u\000m\000a\000n\000i\000z\000i\000n\000g\000\040\000M\000e\000t\000h\000o\000d\000s\000\040\000a\000n\000d\000\040\000I\000t\000s\000\040\000L\000e\000v\000e\000l\000s}{}% 15
\BOOKMARK [1][-]{appendix.D}{\376\377\000D\000e\000t\000a\000i\000l\000e\000d\000\040\000C\000o\000n\000s\000t\000r\000u\000c\000t\000i\000o\000n\000\040\000o\000f\000\040\000D\000a\000t\000a\000s\000e\000t}{}% 16
\BOOKMARK [1][-]{appendix.E}{\376\377\000C\000o\000m\000p\000a\000r\000i\000s\000o\000n\000\040\000o\000f\000\040\000D\000e\000t\000e\000c\000t\000o\000r\000s\000\040\000i\000n\000\040\000C\000o\000s\000t\000s}{}% 17
\BOOKMARK [1][-]{appendix.F}{\376\377\000M\000a\000c\000h\000i\000n\000e\000-\000G\000e\000n\000e\000r\000a\000t\000e\000d\000\040\000T\000e\000x\000t\000\040\000D\000e\000t\000e\000c\000t\000o\000r\000s}{}% 18
\BOOKMARK [1][-]{appendix.G}{\376\377\000C\000o\000n\000t\000r\000a\000s\000t\000i\000v\000e\000\040\000L\000e\000a\000r\000i\000n\000g\000\040\000i\000n\000\040\000D\000e\000t\000e\000c\000t\000o\000r\000s}{}% 19
\BOOKMARK [1][-]{appendix.H}{\376\377\000D\000e\000t\000a\000i\000l\000e\000d\000\040\000P\000a\000t\000c\000h\000i\000n\000g\000\040\000R\000e\000s\000u\000l\000t\000s}{}% 20
